<?xml version="1.0" encoding="UTF-8"?>
<!-- Generated by org.testng.reporters.JUnitReportReporter -->
<testsuite name="sampletestNGConcepts.ExpectedExceptionConcept" tests="2" time="0.031" ignored="0" failures="0" timestamp="21 Jan 2020 04:10:32 GMT" skipped="0" hostname="DESKTOP-K368PMN" errors="0">
  <testcase name="loginTest" time="0.015" classname="sampletestNGConcepts.ExpectedExceptionConcept"/>
  <testcase name="homePageTest" time="0.016" classname="sampletestNGConcepts.ExpectedExceptionConcept"/>
</testsuite> <!-- sampletestNGConcepts.ExpectedExceptionConcept -->
