<?xml version="1.0" encoding="UTF-8"?>
<!-- Generated by org.testng.reporters.JUnitReportReporter -->
<testsuite name="com.qa.rtp.test.ContactPageTest" tests="4" time="27.751" ignored="0" failures="0" timestamp="28 Jan 2020 04:14:24 GMT" skipped="0" hostname="DESKTOP-K368PMN" errors="0">
  <testcase name="createContactsTest" time="7.061" classname="com.qa.rtp.test.ContactPageTest"/>
  <testcase name="createContactsTest" time="7.681" classname="com.qa.rtp.test.ContactPageTest"/>
  <testcase name="verifyContactsPageTitle" time="5.049" classname="com.qa.rtp.test.ContactPageTest"/>
  <testcase name="createContactsTest" time="7.960" classname="com.qa.rtp.test.ContactPageTest"/>
</testsuite> <!-- com.qa.rtp.test.ContactPageTest -->
