<?xml version="1.0" encoding="UTF-8"?>
<!-- Generated by org.testng.reporters.JUnitReportReporter -->
<testsuite name="sampletestNGConcepts.InvocationCountConcept" tests="10" time="0.050" ignored="0" failures="0" timestamp="21 Jan 2020 03:39:38 GMT" skipped="0" hostname="DESKTOP-K368PMN" errors="0">
  <testcase name="createUserTest" time="0.000" classname="sampletestNGConcepts.InvocationCountConcept"/>
  <testcase name="createUserTest" time="0.002" classname="sampletestNGConcepts.InvocationCountConcept"/>
  <testcase name="createUserTest" time="0.000" classname="sampletestNGConcepts.InvocationCountConcept"/>
  <testcase name="createUserTest" time="0.032" classname="sampletestNGConcepts.InvocationCountConcept"/>
  <testcase name="createUserTest" time="0.016" classname="sampletestNGConcepts.InvocationCountConcept"/>
  <testcase name="createUserTest" time="0.000" classname="sampletestNGConcepts.InvocationCountConcept"/>
  <testcase name="createUserTest" time="0.000" classname="sampletestNGConcepts.InvocationCountConcept"/>
  <testcase name="createUserTest" time="0.000" classname="sampletestNGConcepts.InvocationCountConcept"/>
  <testcase name="createUserTest" time="0.000" classname="sampletestNGConcepts.InvocationCountConcept"/>
  <testcase name="createUserTest" time="0.000" classname="sampletestNGConcepts.InvocationCountConcept"/>
</testsuite> <!-- sampletestNGConcepts.InvocationCountConcept -->
