<?xml version="1.0" encoding="UTF-8"?>
<!-- Generated by org.testng.reporters.JUnitReportReporter -->
<testsuite name="sampletestNGConcepts.PriorityConcepts" tests="4" time="0.016" ignored="0" failures="0" timestamp="21 Jan 2020 03:46:42 GMT" skipped="0" hostname="DESKTOP-K368PMN" errors="0">
  <testcase name="homeTabTest" time="0.000" classname="sampletestNGConcepts.PriorityConcepts"/>
  <testcase name="loginTest" time="0.016" classname="sampletestNGConcepts.PriorityConcepts"/>
  <testcase name="homePageTest" time="0.000" classname="sampletestNGConcepts.PriorityConcepts"/>
  <testcase name="profileTest" time="0.000" classname="sampletestNGConcepts.PriorityConcepts"/>
</testsuite> <!-- sampletestNGConcepts.PriorityConcepts -->
